  [1m[35m (208.9ms)[0m  [1m[35mCREATE DATABASE "RedditClone_development" ENCODING = 'unicode'[0m
  ↳ bin/rails:9
  [1m[35m (71.1ms)[0m  [1m[35mCREATE DATABASE "RedditClone_test" ENCODING = 'unicode'[0m
  ↳ bin/rails:9
  [1m[35m (122.0ms)[0m  [1m[35mCREATE DATABASE "RedditClone_development" ENCODING = 'unicode'[0m
  ↳ bin/rails:9
  [1m[35m (141.9ms)[0m  [1m[35mCREATE DATABASE "RedditClone_test" ENCODING = 'unicode'[0m
  ↳ bin/rails:9
  [1m[35m (6.9ms)[0m  [1m[35mCREATE TABLE "schema_migrations" ("version" character varying NOT NULL PRIMARY KEY)[0m
  ↳ bin/rails:9
  [1m[35m (3.9ms)[0m  [1m[35mCREATE TABLE "ar_internal_metadata" ("key" character varying NOT NULL PRIMARY KEY, "value" character varying, "created_at" timestamp NOT NULL, "updated_at" timestamp NOT NULL)[0m
  ↳ bin/rails:9
  [1m[35m (0.3ms)[0m  [1m[34mSELECT pg_try_advisory_lock(6711173107426626090)[0m
  ↳ bin/rails:9
  [1m[35m (0.6ms)[0m  [1m[34mSELECT "schema_migrations"."version" FROM "schema_migrations" ORDER BY "schema_migrations"."version" ASC[0m
  ↳ bin/rails:9
Migrating to CreateUsers (20210111171703)
  [1m[35m (0.2ms)[0m  [1m[35mBEGIN[0m
  ↳ bin/rails:9
  [1m[35m (5.3ms)[0m  [1m[35mCREATE TABLE "users" ("id" bigserial primary key, "username" character varying NOT NULL, "password_digest" character varying NOT NULL, "session_token" character varying NOT NULL, "created_at" timestamp NOT NULL, "updated_at" timestamp NOT NULL)[0m
  ↳ db/migrate/20210111171703_create_users.rb:3
  [1m[35m (1.5ms)[0m  [1m[35mCREATE UNIQUE INDEX  "index_users_on_username" ON "users"  ("username")[0m
  ↳ db/migrate/20210111171703_create_users.rb:9
  [1m[35m (1.2ms)[0m  [1m[35mCREATE UNIQUE INDEX  "index_users_on_session_token" ON "users"  ("session_token")[0m
  ↳ db/migrate/20210111171703_create_users.rb:10
  [1m[36mActiveRecord::SchemaMigration Create (0.6ms)[0m  [1m[32mINSERT INTO "schema_migrations" ("version") VALUES ($1) RETURNING "version"[0m  [["version", "20210111171703"]]
  ↳ bin/rails:9
  [1m[35m (0.4ms)[0m  [1m[35mCOMMIT[0m
  ↳ bin/rails:9
  [1m[36mActiveRecord::InternalMetadata Load (0.5ms)[0m  [1m[34mSELECT  "ar_internal_metadata".* FROM "ar_internal_metadata" WHERE "ar_internal_metadata"."key" = $1 LIMIT $2[0m  [["key", "environment"], ["LIMIT", 1]]
  ↳ bin/rails:9
  [1m[35m (0.2ms)[0m  [1m[35mBEGIN[0m
  ↳ bin/rails:9
  [1m[36mActiveRecord::InternalMetadata Create (0.4ms)[0m  [1m[32mINSERT INTO "ar_internal_metadata" ("key", "value", "created_at", "updated_at") VALUES ($1, $2, $3, $4) RETURNING "key"[0m  [["key", "environment"], ["value", "development"], ["created_at", "2021-01-11 17:18:45.171856"], ["updated_at", "2021-01-11 17:18:45.171856"]]
  ↳ bin/rails:9
  [1m[35m (0.5ms)[0m  [1m[35mCOMMIT[0m
  ↳ bin/rails:9
  [1m[35m (0.3ms)[0m  [1m[34mSELECT pg_advisory_unlock(6711173107426626090)[0m
  ↳ bin/rails:9
  [1m[35m (0.5ms)[0m  [1m[34mSELECT "schema_migrations"."version" FROM "schema_migrations" ORDER BY "schema_migrations"."version" ASC[0m
  ↳ bin/rails:9
  [1m[35m (18.1ms)[0m  [1m[35mCREATE TABLE "schema_migrations" ("version" character varying NOT NULL PRIMARY KEY)[0m
  ↳ bin/rails:9
  [1m[35m (4.2ms)[0m  [1m[35mCREATE TABLE "ar_internal_metadata" ("key" character varying NOT NULL PRIMARY KEY, "value" character varying, "created_at" timestamp NOT NULL, "updated_at" timestamp NOT NULL)[0m
  ↳ bin/rails:9
  [1m[35m (0.1ms)[0m  [1m[34mSELECT pg_try_advisory_lock(6711173107426626090)[0m
  ↳ bin/rails:9
  [1m[35m (0.4ms)[0m  [1m[34mSELECT "schema_migrations"."version" FROM "schema_migrations" ORDER BY "schema_migrations"."version" ASC[0m
  ↳ bin/rails:9
Migrating to CreateUsers (20210111171703)
  [1m[35m (0.1ms)[0m  [1m[35mBEGIN[0m
  ↳ bin/rails:9
  [1m[35m (10.6ms)[0m  [1m[35mCREATE TABLE "users" ("id" bigserial primary key, "username" character varying NOT NULL, "password_digest" character varying NOT NULL, "session_token" character varying NOT NULL, "created_at" timestamp NOT NULL, "updated_at" timestamp NOT NULL)[0m
  ↳ db/migrate/20210111171703_create_users.rb:3
  [1m[35m (0.8ms)[0m  [1m[35mCREATE UNIQUE INDEX  "index_users_on_username" ON "users"  ("username")[0m
  ↳ db/migrate/20210111171703_create_users.rb:9
  [1m[35m (0.9ms)[0m  [1m[35mCREATE UNIQUE INDEX  "index_users_on_session_token" ON "users"  ("session_token")[0m
  ↳ db/migrate/20210111171703_create_users.rb:10
  [1m[36mActiveRecord::SchemaMigration Create (17.1ms)[0m  [1m[32mINSERT INTO "schema_migrations" ("version") VALUES ($1) RETURNING "version"[0m  [["version", "20210111171703"]]
  ↳ bin/rails:9
  [1m[35m (0.3ms)[0m  [1m[35mCOMMIT[0m
  ↳ bin/rails:9
Migrating to CreateSubs (20210111181635)
  [1m[35m (0.2ms)[0m  [1m[35mBEGIN[0m
  ↳ bin/rails:9
  [1m[35m (4.1ms)[0m  [1m[35mCREATE TABLE "subs" ("id" bigserial primary key, "title" character varying NOT NULL, "description" character varying NOT NULL, "moderator_id" integer NOT NULL, "created_at" timestamp NOT NULL, "updated_at" timestamp NOT NULL)[0m
  ↳ db/migrate/20210111181635_create_subs.rb:3
  [1m[35m (0.9ms)[0m  [1m[35mCREATE  INDEX  "index_subs_on_title" ON "subs"  ("title")[0m
  ↳ db/migrate/20210111181635_create_subs.rb:11
  [1m[35m (1.9ms)[0m  [1m[35mCREATE  INDEX  "index_subs_on_moderator_id" ON "subs"  ("moderator_id")[0m
  ↳ db/migrate/20210111181635_create_subs.rb:12
  [1m[36mActiveRecord::SchemaMigration Create (0.2ms)[0m  [1m[32mINSERT INTO "schema_migrations" ("version") VALUES ($1) RETURNING "version"[0m  [["version", "20210111181635"]]
  ↳ bin/rails:9
  [1m[35m (0.3ms)[0m  [1m[35mCOMMIT[0m
  ↳ bin/rails:9
  [1m[36mActiveRecord::InternalMetadata Load (0.3ms)[0m  [1m[34mSELECT  "ar_internal_metadata".* FROM "ar_internal_metadata" WHERE "ar_internal_metadata"."key" = $1 LIMIT $2[0m  [["key", "environment"], ["LIMIT", 1]]
  ↳ bin/rails:9
  [1m[35m (0.1ms)[0m  [1m[35mBEGIN[0m
  ↳ bin/rails:9
  [1m[36mActiveRecord::InternalMetadata Create (0.6ms)[0m  [1m[32mINSERT INTO "ar_internal_metadata" ("key", "value", "created_at", "updated_at") VALUES ($1, $2, $3, $4) RETURNING "key"[0m  [["key", "environment"], ["value", "development"], ["created_at", "2021-01-11 18:19:00.920039"], ["updated_at", "2021-01-11 18:19:00.920039"]]
  ↳ bin/rails:9
  [1m[35m (0.4ms)[0m  [1m[35mCOMMIT[0m
  ↳ bin/rails:9
  [1m[35m (0.3ms)[0m  [1m[34mSELECT pg_advisory_unlock(6711173107426626090)[0m
  ↳ bin/rails:9
  [1m[35m (0.3ms)[0m  [1m[34mSELECT "schema_migrations"."version" FROM "schema_migrations" ORDER BY "schema_migrations"."version" ASC[0m
  ↳ bin/rails:9
Started GET "/bands" for ::1 at 2021-01-11 11:11:04 -0800
  [1m[35m (2.0ms)[0m  [1m[34mSELECT "schema_migrations"."version" FROM "schema_migrations" ORDER BY "schema_migrations"."version" ASC[0m
  ↳ /Users/bcdguz/.rbenv/versions/2.5.1/lib/ruby/gems/2.5.0/gems/activerecord-5.2.4.4/lib/active_record/log_subscriber.rb:98

ActiveRecord::PendingMigrationError - Migrations are pending. To resolve this issue, run:
        bin/rails db:migrate RAILS_ENV=development:

Started POST "/__better_errors/5714f6758ab69bc9/variables" for ::1 at 2021-01-11 11:11:04 -0800
Started GET "/" for ::1 at 2021-01-11 11:11:09 -0800
  [1m[35m (0.5ms)[0m  [1m[34mSELECT "schema_migrations"."version" FROM "schema_migrations" ORDER BY "schema_migrations"."version" ASC[0m
  ↳ /Users/bcdguz/.rbenv/versions/2.5.1/lib/ruby/gems/2.5.0/gems/activerecord-5.2.4.4/lib/active_record/log_subscriber.rb:98

ActiveRecord::PendingMigrationError - Migrations are pending. To resolve this issue, run:
        bin/rails db:migrate RAILS_ENV=development:

Started POST "/__better_errors/3c3a7f1bc7eb5372/variables" for ::1 at 2021-01-11 11:11:09 -0800
  [1m[35m (1.7ms)[0m  [1m[34mSELECT "schema_migrations"."version" FROM "schema_migrations" ORDER BY "schema_migrations"."version" ASC[0m
  ↳ bin/rails:9
  [1m[35m (0.2ms)[0m  [1m[34mSELECT pg_try_advisory_lock(6711173107426626090)[0m
  ↳ bin/rails:9
  [1m[35m (0.9ms)[0m  [1m[34mSELECT "schema_migrations"."version" FROM "schema_migrations" ORDER BY "schema_migrations"."version" ASC[0m
  ↳ bin/rails:9
Migrating to CreateSubs (20210111181635)
  [1m[35m (0.2ms)[0m  [1m[35mBEGIN[0m
  ↳ bin/rails:9
  [1m[35m (8.3ms)[0m  [1m[35mCREATE TABLE "subs" ("id" bigserial primary key, "title" character varying NOT NULL, "description" character varying NOT NULL, "moderator_id" integer NOT NULL, "created_at" timestamp NOT NULL, "updated_at" timestamp NOT NULL)[0m
  ↳ db/migrate/20210111181635_create_subs.rb:3
  [1m[35m (1.3ms)[0m  [1m[35mCREATE  INDEX  "index_subs_on_title" ON "subs"  ("title")[0m
  ↳ db/migrate/20210111181635_create_subs.rb:11
  [1m[35m (1.5ms)[0m  [1m[35mCREATE  INDEX  "index_subs_on_moderator_id" ON "subs"  ("moderator_id")[0m
  ↳ db/migrate/20210111181635_create_subs.rb:12
  [1m[36mActiveRecord::SchemaMigration Create (0.8ms)[0m  [1m[32mINSERT INTO "schema_migrations" ("version") VALUES ($1) RETURNING "version"[0m  [["version", "20210111181635"]]
  ↳ bin/rails:9
  [1m[35m (0.7ms)[0m  [1m[35mCOMMIT[0m
  ↳ bin/rails:9
  [1m[36mActiveRecord::InternalMetadata Load (0.6ms)[0m  [1m[34mSELECT  "ar_internal_metadata".* FROM "ar_internal_metadata" WHERE "ar_internal_metadata"."key" = $1 LIMIT $2[0m  [["key", "environment"], ["LIMIT", 1]]
  ↳ bin/rails:9
  [1m[35m (0.3ms)[0m  [1m[35mBEGIN[0m
  ↳ bin/rails:9
  [1m[35m (0.1ms)[0m  [1m[35mCOMMIT[0m
  ↳ bin/rails:9
  [1m[35m (0.2ms)[0m  [1m[34mSELECT pg_advisory_unlock(6711173107426626090)[0m
  ↳ bin/rails:9
  [1m[35m (0.4ms)[0m  [1m[34mSELECT "schema_migrations"."version" FROM "schema_migrations" ORDER BY "schema_migrations"."version" ASC[0m
  ↳ bin/rails:9
Started GET "/" for ::1 at 2021-01-11 11:12:13 -0800
  [1m[35m (0.8ms)[0m  [1m[34mSELECT "schema_migrations"."version" FROM "schema_migrations" ORDER BY "schema_migrations"."version" ASC[0m
  ↳ /Users/bcdguz/.rbenv/versions/2.5.1/lib/ruby/gems/2.5.0/gems/activerecord-5.2.4.4/lib/active_record/log_subscriber.rb:98
Processing by Rails::WelcomeController#index as HTML
  Rendering /Users/bcdguz/.rbenv/versions/2.5.1/lib/ruby/gems/2.5.0/gems/railties-5.2.4.4/lib/rails/templates/rails/welcome/index.html.erb
  Rendered /Users/bcdguz/.rbenv/versions/2.5.1/lib/ruby/gems/2.5.0/gems/railties-5.2.4.4/lib/rails/templates/rails/welcome/index.html.erb (2.1ms)
Completed 200 OK in 16ms (Views: 9.2ms | ActiveRecord: 0.0ms)


Started GET "/users" for ::1 at 2021-01-11 11:12:28 -0800
Processing by UsersController#index as HTML
  [1m[36mUser Load (0.8ms)[0m  [1m[34mSELECT  "users".* FROM "users" WHERE "users"."session_token" IS NULL LIMIT $1[0m  [["LIMIT", 1]]
  ↳ app/controllers/application_controller.rb:5
Redirected to http://localhost:3000/session/new
Filter chain halted as :require_logged_in rendered or redirected
Completed 302 Found in 11ms (ActiveRecord: 3.1ms)


Started GET "/session/new" for ::1 at 2021-01-11 11:12:28 -0800
Processing by SessionsController#new as HTML
  Rendering sessions/new.html.erb within layouts/application
  Rendered sessions/new.html.erb within layouts/application (0.7ms)
  [1m[36mUser Load (0.8ms)[0m  [1m[34mSELECT  "users".* FROM "users" WHERE "users"."session_token" IS NULL LIMIT $1[0m  [["LIMIT", 1]]
  ↳ app/controllers/application_controller.rb:5
Completed 200 OK in 534ms (Views: 530.9ms | ActiveRecord: 0.8ms)


Started GET "/users/new" for ::1 at 2021-01-11 11:12:34 -0800
Processing by UsersController#new as HTML
  Rendering users/new.html.erb within layouts/application
  Rendered users/new.html.erb within layouts/application (0.5ms)
  [1m[36mUser Load (0.5ms)[0m  [1m[34mSELECT  "users".* FROM "users" WHERE "users"."session_token" IS NULL LIMIT $1[0m  [["LIMIT", 1]]
  ↳ app/controllers/application_controller.rb:5
Completed 200 OK in 43ms (Views: 27.5ms | ActiveRecord: 9.5ms)


Started POST "/users" for ::1 at 2021-01-11 11:12:46 -0800
Processing by UsersController#create as HTML
  Parameters: {"authenticity_token"=>"aWTBusMQMxcqQlZK/ftt2PhnccobsjpsrhWrAmW3r2/frwDgZ1+3mcQeLDuUmQxDoNG2a1yy8ObLhBJw72gLXw==", "user"=>{"username"=>"test", "password"=>"[FILTERED]"}}
  [1m[35m (0.3ms)[0m  [1m[35mBEGIN[0m
  ↳ app/controllers/users_controller.rb:12
  [1m[36mUser Exists (0.7ms)[0m  [1m[34mSELECT  1 AS one FROM "users" WHERE "users"."username" = $1 LIMIT $2[0m  [["username", "test"], ["LIMIT", 1]]
  ↳ app/controllers/users_controller.rb:12
  [1m[36mUser Exists (0.6ms)[0m  [1m[34mSELECT  1 AS one FROM "users" WHERE "users"."session_token" = $1 LIMIT $2[0m  [["session_token", "U+7eKcBeGpqFqDiERzo72A=="], ["LIMIT", 1]]
  ↳ app/controllers/users_controller.rb:12
  [1m[36mUser Create (1.2ms)[0m  [1m[32mINSERT INTO "users" ("username", "password_digest", "session_token", "created_at", "updated_at") VALUES ($1, $2, $3, $4, $5) RETURNING "id"[0m  [["username", "test"], ["password_digest", "$2a$12$wstLyL2xmWkSMJr1HEZ86eDQmNvb0XdKp3raDJzF5rm52q1AEF9Xy"], ["session_token", "U+7eKcBeGpqFqDiERzo72A=="], ["created_at", "2021-01-11 19:12:46.687291"], ["updated_at", "2021-01-11 19:12:46.687291"]]
  ↳ app/controllers/users_controller.rb:12
  [1m[35m (0.7ms)[0m  [1m[35mCOMMIT[0m
  ↳ app/controllers/users_controller.rb:12
  [1m[35m (0.2ms)[0m  [1m[35mBEGIN[0m
  ↳ app/models/user.rb:30
  [1m[36mUser Exists (0.6ms)[0m  [1m[34mSELECT  1 AS one FROM "users" WHERE "users"."username" = $1 AND "users"."id" != $2 LIMIT $3[0m  [["username", "test"], ["id", 1], ["LIMIT", 1]]
  ↳ app/models/user.rb:30
  [1m[36mUser Exists (0.5ms)[0m  [1m[34mSELECT  1 AS one FROM "users" WHERE "users"."session_token" = $1 AND "users"."id" != $2 LIMIT $3[0m  [["session_token", "U69vDg992JI+a+lwzuQRyg=="], ["id", 1], ["LIMIT", 1]]
  ↳ app/models/user.rb:30
  [1m[36mUser Update (0.7ms)[0m  [1m[33mUPDATE "users" SET "session_token" = $1, "updated_at" = $2 WHERE "users"."id" = $3[0m  [["session_token", "U69vDg992JI+a+lwzuQRyg=="], ["updated_at", "2021-01-11 19:12:46.695374"], ["id", 1]]
  ↳ app/models/user.rb:30
  [1m[35m (0.5ms)[0m  [1m[35mCOMMIT[0m
  ↳ app/models/user.rb:30
Redirected to http://localhost:3000/users
Completed 302 Found in 287ms (ActiveRecord: 5.8ms)


Started GET "/users" for ::1 at 2021-01-11 11:12:46 -0800
Processing by UsersController#index as HTML
  [1m[36mUser Load (0.3ms)[0m  [1m[34mSELECT  "users".* FROM "users" WHERE "users"."session_token" = $1 LIMIT $2[0m  [["session_token", "U69vDg992JI+a+lwzuQRyg=="], ["LIMIT", 1]]
  ↳ app/controllers/application_controller.rb:5
  Rendering users/index.html.erb within layouts/application
  [1m[36mUser Load (0.4ms)[0m  [1m[34mSELECT "users".* FROM "users"[0m
  ↳ app/views/users/index.html.erb:4
  Rendered users/index.html.erb within layouts/application (1.9ms)
Completed 200 OK in 34ms (Views: 30.1ms | ActiveRecord: 0.7ms)


Started GET "/users/1" for ::1 at 2021-01-11 11:13:00 -0800
Processing by UsersController#show as HTML
  Parameters: {"id"=>"1"}
  [1m[36mUser Load (0.7ms)[0m  [1m[34mSELECT  "users".* FROM "users" WHERE "users"."session_token" = $1 LIMIT $2[0m  [["session_token", "U69vDg992JI+a+lwzuQRyg=="], ["LIMIT", 1]]
  ↳ app/controllers/application_controller.rb:5
  [1m[36mUser Load (0.5ms)[0m  [1m[34mSELECT  "users".* FROM "users" WHERE "users"."id" = $1 LIMIT $2[0m  [["id", 1], ["LIMIT", 1]]
  ↳ app/controllers/users_controller.rb:27
  Rendering users/show.html.erb within layouts/application
  Rendered users/show.html.erb within layouts/application (1.0ms)
Completed 200 OK in 58ms (Views: 52.5ms | ActiveRecord: 1.2ms)


Started GET "/subs" for ::1 at 2021-01-11 11:13:37 -0800
Processing by SubsController#index as HTML
  Rendering subs/index.html.erb within layouts/application
  [1m[36mSub Load (1.3ms)[0m  [1m[34mSELECT "subs".* FROM "subs"[0m
  ↳ app/views/subs/index.html.erb:4
  Rendered subs/index.html.erb within layouts/application (7.0ms)
  [1m[36mUser Load (0.4ms)[0m  [1m[34mSELECT  "users".* FROM "users" WHERE "users"."session_token" = $1 LIMIT $2[0m  [["session_token", "U69vDg992JI+a+lwzuQRyg=="], ["LIMIT", 1]]
  ↳ app/controllers/application_controller.rb:5
Completed 200 OK in 41ms (Views: 32.3ms | ActiveRecord: 5.1ms)


Started GET "/subs/new" for ::1 at 2021-01-11 11:13:46 -0800
Processing by SubsController#new as HTML
  Rendering subs/new.html.erb within layouts/application
  Rendered subs/new.html.erb within layouts/application (5.0ms)
Completed 500 Internal Server Error in 12ms (ActiveRecord: 0.0ms)



NoMethodError - undefined method `title' for nil:NilClass:
  app/views/subs/new.html.erb:7:in `_app_views_subs_new_html_erb___1783114852299881463_70159063880920'

Started POST "/__better_errors/f282413f50c91b35/variables" for ::1 at 2021-01-11 11:13:46 -0800
Started GET "/subs/new" for ::1 at 2021-01-11 11:14:21 -0800
Processing by SubsController#new as HTML
  Rendering subs/new.html.erb within layouts/application
  [1m[36mUser Load (0.4ms)[0m  [1m[34mSELECT  "users".* FROM "users" WHERE "users"."session_token" = $1 LIMIT $2[0m  [["session_token", "U69vDg992JI+a+lwzuQRyg=="], ["LIMIT", 1]]
  ↳ app/controllers/application_controller.rb:5
  Rendered subs/new.html.erb within layouts/application (13.5ms)
Completed 200 OK in 47ms (Views: 31.6ms | ActiveRecord: 8.7ms)


Started POST "/subs" for ::1 at 2021-01-11 11:14:34 -0800
Processing by SubsController#create as HTML
  Parameters: {"authenticity_token"=>"7p+r91Bxf/kuwnbgztfsNgRh3MaQonlVxHqC61CZtWlYVGqt9D77d8CeDJGntY2tXNcbZ9eis9+h6zuZ2kYRWQ==", "sub"=>{"title"=>"Test Sub", "description"=>"Test 1", "moderator_id"=>"1"}}
  [1m[35m (0.2ms)[0m  [1m[35mBEGIN[0m
  ↳ app/controllers/subs_controller.rb:12
  [1m[36mUser Load (0.4ms)[0m  [1m[34mSELECT  "users".* FROM "users" WHERE "users"."id" = $1 LIMIT $2[0m  [["id", 1], ["LIMIT", 1]]
  ↳ app/controllers/subs_controller.rb:12
  [1m[36mSub Create (1.0ms)[0m  [1m[32mINSERT INTO "subs" ("title", "description", "moderator_id", "created_at", "updated_at") VALUES ($1, $2, $3, $4, $5) RETURNING "id"[0m  [["title", "Test Sub"], ["description", "Test 1"], ["moderator_id", 1], ["created_at", "2021-01-11 19:14:34.344463"], ["updated_at", "2021-01-11 19:14:34.344463"]]
  ↳ app/controllers/subs_controller.rb:12
  [1m[35m (0.4ms)[0m  [1m[35mCOMMIT[0m
  ↳ app/controllers/subs_controller.rb:12
Redirected to http://localhost:3000/subs/1
Completed 302 Found in 16ms (ActiveRecord: 2.0ms)


Started GET "/subs/1" for ::1 at 2021-01-11 11:14:34 -0800
Processing by SubsController#show as HTML
  Parameters: {"id"=>"1"}
  [1m[36mSub Load (0.4ms)[0m  [1m[34mSELECT  "subs".* FROM "subs" WHERE "subs"."id" = $1 LIMIT $2[0m  [["id", 1], ["LIMIT", 1]]
  ↳ app/controllers/subs_controller.rb:26
  Rendering subs/show.html.erb within layouts/application
  [1m[36mUser Load (0.4ms)[0m  [1m[34mSELECT  "users".* FROM "users" WHERE "users"."session_token" = $1 LIMIT $2[0m  [["session_token", "U69vDg992JI+a+lwzuQRyg=="], ["LIMIT", 1]]
  ↳ app/controllers/application_controller.rb:5
  Rendered subs/show.html.erb within layouts/application (2.3ms)
Completed 200 OK in 26ms (Views: 22.5ms | ActiveRecord: 0.8ms)


Started GET "/subs" for ::1 at 2021-01-11 11:14:48 -0800
Processing by SubsController#index as HTML
  Rendering subs/index.html.erb within layouts/application
  [1m[36mSub Load (0.5ms)[0m  [1m[34mSELECT "subs".* FROM "subs"[0m
  ↳ app/views/subs/index.html.erb:4
  Rendered subs/index.html.erb within layouts/application (2.0ms)
  [1m[36mUser Load (0.3ms)[0m  [1m[34mSELECT  "users".* FROM "users" WHERE "users"."session_token" = $1 LIMIT $2[0m  [["session_token", "U69vDg992JI+a+lwzuQRyg=="], ["LIMIT", 1]]
  ↳ app/controllers/application_controller.rb:5
Completed 200 OK in 29ms (Views: 27.7ms | ActiveRecord: 0.8ms)


Started DELETE "/session" for ::1 at 2021-01-11 11:14:52 -0800
Processing by SessionsController#destroy as HTML
Can't verify CSRF token authenticity.
Completed 422 Unprocessable Entity in 1ms (ActiveRecord: 0.0ms)



ActionController::InvalidAuthenticityToken - ActionController::InvalidAuthenticityToken:

Started POST "/__better_errors/8657d8c2312459a3/variables" for ::1 at 2021-01-11 11:14:52 -0800
Started DELETE "/session" for ::1 at 2021-01-11 11:15:26 -0800
Processing by SessionsController#destroy as HTML
Can't verify CSRF token authenticity.
Completed 422 Unprocessable Entity in 1ms (ActiveRecord: 0.0ms)



ActionController::InvalidAuthenticityToken - ActionController::InvalidAuthenticityToken:

Started POST "/__better_errors/8113ae37c17d47b6/variables" for ::1 at 2021-01-11 11:15:26 -0800
Started GET "/" for ::1 at 2021-01-11 11:15:31 -0800
Processing by Rails::WelcomeController#index as HTML
  Rendering /Users/bcdguz/.rbenv/versions/2.5.1/lib/ruby/gems/2.5.0/gems/railties-5.2.4.4/lib/rails/templates/rails/welcome/index.html.erb
  Rendered /Users/bcdguz/.rbenv/versions/2.5.1/lib/ruby/gems/2.5.0/gems/railties-5.2.4.4/lib/rails/templates/rails/welcome/index.html.erb (1.7ms)
Completed 200 OK in 11ms (Views: 5.3ms | ActiveRecord: 0.0ms)


Started GET "/subs" for ::1 at 2021-01-11 11:15:39 -0800
Processing by SubsController#index as HTML
  Rendering subs/index.html.erb within layouts/application
  [1m[36mSub Load (0.3ms)[0m  [1m[34mSELECT "subs".* FROM "subs"[0m
  ↳ app/views/subs/index.html.erb:4
  Rendered subs/index.html.erb within layouts/application (1.7ms)
  [1m[36mUser Load (0.3ms)[0m  [1m[34mSELECT  "users".* FROM "users" WHERE "users"."session_token" = $1 LIMIT $2[0m  [["session_token", "U69vDg992JI+a+lwzuQRyg=="], ["LIMIT", 1]]
  ↳ app/controllers/application_controller.rb:5
Completed 200 OK in 34ms (Views: 32.3ms | ActiveRecord: 0.6ms)


Started DELETE "/session" for ::1 at 2021-01-11 11:15:42 -0800
Processing by SessionsController#destroy as HTML
  Parameters: {"authenticity_token"=>"407qMscuYypYKe04HJmK1XnY+2U7co/13CkRFjOmIU1VhStoY2HnpLZ1l0l1++tOIW48xHxyRX+5uKhkuXmFfQ=="}
  [1m[36mUser Load (0.2ms)[0m  [1m[34mSELECT  "users".* FROM "users" WHERE "users"."session_token" = $1 LIMIT $2[0m  [["session_token", "U69vDg992JI+a+lwzuQRyg=="], ["LIMIT", 1]]
  ↳ app/controllers/application_controller.rb:5
  [1m[35m (0.2ms)[0m  [1m[35mBEGIN[0m
  ↳ app/models/user.rb:30
  [1m[36mUser Exists (1.0ms)[0m  [1m[34mSELECT  1 AS one FROM "users" WHERE "users"."username" = $1 AND "users"."id" != $2 LIMIT $3[0m  [["username", "test"], ["id", 1], ["LIMIT", 1]]
  ↳ app/models/user.rb:30
  [1m[36mUser Exists (0.3ms)[0m  [1m[34mSELECT  1 AS one FROM "users" WHERE "users"."session_token" = $1 AND "users"."id" != $2 LIMIT $3[0m  [["session_token", "LpvG/LxGBFF912CohaOK6Q=="], ["id", 1], ["LIMIT", 1]]
  ↳ app/models/user.rb:30
  [1m[36mUser Update (0.4ms)[0m  [1m[33mUPDATE "users" SET "session_token" = $1, "updated_at" = $2 WHERE "users"."id" = $3[0m  [["session_token", "LpvG/LxGBFF912CohaOK6Q=="], ["updated_at", "2021-01-11 19:15:42.094912"], ["id", 1]]
  ↳ app/models/user.rb:30
  [1m[35m (0.8ms)[0m  [1m[35mCOMMIT[0m
  ↳ app/models/user.rb:30
Redirected to http://localhost:3000/session/new
Completed 302 Found in 7ms (ActiveRecord: 3.0ms)


Started GET "/session/new" for ::1 at 2021-01-11 11:15:42 -0800
Processing by SessionsController#new as HTML
  Rendering sessions/new.html.erb within layouts/application
  Rendered sessions/new.html.erb within layouts/application (0.5ms)
  [1m[36mUser Load (0.5ms)[0m  [1m[34mSELECT  "users".* FROM "users" WHERE "users"."session_token" IS NULL LIMIT $1[0m  [["LIMIT", 1]]
  ↳ app/controllers/application_controller.rb:5
Completed 200 OK in 22ms (Views: 19.0ms | ActiveRecord: 0.5ms)


Started GET "/users/new" for ::1 at 2021-01-11 11:15:47 -0800
Processing by UsersController#new as HTML
  Rendering users/new.html.erb within layouts/application
  Rendered users/new.html.erb within layouts/application (0.6ms)
  [1m[36mUser Load (0.4ms)[0m  [1m[34mSELECT  "users".* FROM "users" WHERE "users"."session_token" IS NULL LIMIT $1[0m  [["LIMIT", 1]]
  ↳ app/controllers/application_controller.rb:5
Completed 200 OK in 32ms (Views: 30.7ms | ActiveRecord: 0.4ms)


Started POST "/users" for ::1 at 2021-01-11 11:15:55 -0800
Processing by UsersController#create as HTML
  Parameters: {"authenticity_token"=>"fJOG5SkSKo88jGj28P6nKPK8jmO6iI+IYTOgqPtbIwrKWEe/jV2uAdLQEoeZnMazqgpJwv2IRQIEohnacYSHOg==", "user"=>{"username"=>"new_user", "password"=>"[FILTERED]"}}
  [1m[35m (0.2ms)[0m  [1m[35mBEGIN[0m
  ↳ app/controllers/users_controller.rb:12
  [1m[36mUser Exists (0.5ms)[0m  [1m[34mSELECT  1 AS one FROM "users" WHERE "users"."username" = $1 LIMIT $2[0m  [["username", "new_user"], ["LIMIT", 1]]
  ↳ app/controllers/users_controller.rb:12
  [1m[36mUser Exists (0.4ms)[0m  [1m[34mSELECT  1 AS one FROM "users" WHERE "users"."session_token" = $1 LIMIT $2[0m  [["session_token", "zPj4j4bA8u0dmWDGX1PEpg=="], ["LIMIT", 1]]
  ↳ app/controllers/users_controller.rb:12
  [1m[36mUser Create (0.5ms)[0m  [1m[32mINSERT INTO "users" ("username", "password_digest", "session_token", "created_at", "updated_at") VALUES ($1, $2, $3, $4, $5) RETURNING "id"[0m  [["username", "new_user"], ["password_digest", "$2a$12$wzlDhuWuWL7os46MZav1yevwXaoHOSvSfPWZMJHrfNyYQYA0InOOq"], ["session_token", "zPj4j4bA8u0dmWDGX1PEpg=="], ["created_at", "2021-01-11 19:15:55.395114"], ["updated_at", "2021-01-11 19:15:55.395114"]]
  ↳ app/controllers/users_controller.rb:12
  [1m[35m (0.7ms)[0m  [1m[35mCOMMIT[0m
  ↳ app/controllers/users_controller.rb:12
  [1m[35m (0.2ms)[0m  [1m[35mBEGIN[0m
  ↳ app/models/user.rb:30
  [1m[36mUser Exists (0.5ms)[0m  [1m[34mSELECT  1 AS one FROM "users" WHERE "users"."username" = $1 AND "users"."id" != $2 LIMIT $3[0m  [["username", "new_user"], ["id", 2], ["LIMIT", 1]]
  ↳ app/models/user.rb:30
  [1m[36mUser Exists (0.6ms)[0m  [1m[34mSELECT  1 AS one FROM "users" WHERE "users"."session_token" = $1 AND "users"."id" != $2 LIMIT $3[0m  [["session_token", "ALSnIdAwj7U+AOwpH79QcA=="], ["id", 2], ["LIMIT", 1]]
  ↳ app/models/user.rb:30
  [1m[36mUser Update (0.5ms)[0m  [1m[33mUPDATE "users" SET "session_token" = $1, "updated_at" = $2 WHERE "users"."id" = $3[0m  [["session_token", "ALSnIdAwj7U+AOwpH79QcA=="], ["updated_at", "2021-01-11 19:15:55.403625"], ["id", 2]]
  ↳ app/models/user.rb:30
  [1m[35m (0.5ms)[0m  [1m[35mCOMMIT[0m
  ↳ app/models/user.rb:30
Redirected to http://localhost:3000/users
Completed 302 Found in 294ms (ActiveRecord: 4.6ms)


Started GET "/users" for ::1 at 2021-01-11 11:15:55 -0800
Processing by UsersController#index as HTML
  [1m[36mUser Load (0.2ms)[0m  [1m[34mSELECT  "users".* FROM "users" WHERE "users"."session_token" = $1 LIMIT $2[0m  [["session_token", "ALSnIdAwj7U+AOwpH79QcA=="], ["LIMIT", 1]]
  ↳ app/controllers/application_controller.rb:5
  Rendering users/index.html.erb within layouts/application
  [1m[36mUser Load (0.3ms)[0m  [1m[34mSELECT "users".* FROM "users"[0m
  ↳ app/views/users/index.html.erb:4
  Rendered users/index.html.erb within layouts/application (2.2ms)
Completed 200 OK in 39ms (Views: 37.0ms | ActiveRecord: 0.6ms)


Started GET "/subs" for ::1 at 2021-01-11 11:16:04 -0800
Processing by SubsController#index as HTML
  Rendering subs/index.html.erb within layouts/application
  [1m[36mSub Load (0.3ms)[0m  [1m[34mSELECT "subs".* FROM "subs"[0m
  ↳ app/views/subs/index.html.erb:4
  Rendered subs/index.html.erb within layouts/application (1.6ms)
  [1m[36mUser Load (0.3ms)[0m  [1m[34mSELECT  "users".* FROM "users" WHERE "users"."session_token" = $1 LIMIT $2[0m  [["session_token", "ALSnIdAwj7U+AOwpH79QcA=="], ["LIMIT", 1]]
  ↳ app/controllers/application_controller.rb:5
Completed 200 OK in 33ms (Views: 32.1ms | ActiveRecord: 0.6ms)


Started GET "/subs/1" for ::1 at 2021-01-11 11:16:07 -0800
Processing by SubsController#show as HTML
  Parameters: {"id"=>"1"}
  [1m[36mSub Load (0.5ms)[0m  [1m[34mSELECT  "subs".* FROM "subs" WHERE "subs"."id" = $1 LIMIT $2[0m  [["id", 1], ["LIMIT", 1]]
  ↳ app/controllers/subs_controller.rb:26
  Rendering subs/show.html.erb within layouts/application
  [1m[36mUser Load (0.6ms)[0m  [1m[34mSELECT  "users".* FROM "users" WHERE "users"."session_token" = $1 LIMIT $2[0m  [["session_token", "ALSnIdAwj7U+AOwpH79QcA=="], ["LIMIT", 1]]
  ↳ app/controllers/application_controller.rb:5
  Rendered subs/show.html.erb within layouts/application (2.7ms)
Completed 200 OK in 35ms (Views: 32.4ms | ActiveRecord: 1.1ms)


Started GET "/subs" for ::1 at 2021-01-11 11:16:15 -0800
Processing by SubsController#index as HTML
  Rendering subs/index.html.erb within layouts/application
  [1m[36mSub Load (0.5ms)[0m  [1m[34mSELECT "subs".* FROM "subs"[0m
  ↳ app/views/subs/index.html.erb:4
  Rendered subs/index.html.erb within layouts/application (2.0ms)
  [1m[36mUser Load (0.2ms)[0m  [1m[34mSELECT  "users".* FROM "users" WHERE "users"."session_token" = $1 LIMIT $2[0m  [["session_token", "ALSnIdAwj7U+AOwpH79QcA=="], ["LIMIT", 1]]
  ↳ app/controllers/application_controller.rb:5
Completed 200 OK in 39ms (Views: 37.7ms | ActiveRecord: 0.7ms)


Started DELETE "/session" for ::1 at 2021-01-11 11:16:17 -0800
Processing by SessionsController#destroy as HTML
  Parameters: {"authenticity_token"=>"ONwZQfp4zI4EmPYpTtBUaVcHjNIZvPOB5vWtyYKUB9iOF9gbXjdIAOrEjFgnsjXyD7FLc168OQuDZBS7CEuj6A=="}
  [1m[36mUser Load (0.3ms)[0m  [1m[34mSELECT  "users".* FROM "users" WHERE "users"."session_token" = $1 LIMIT $2[0m  [["session_token", "ALSnIdAwj7U+AOwpH79QcA=="], ["LIMIT", 1]]
  ↳ app/controllers/application_controller.rb:5
  [1m[35m (0.1ms)[0m  [1m[35mBEGIN[0m
  ↳ app/models/user.rb:30
  [1m[36mUser Exists (0.4ms)[0m  [1m[34mSELECT  1 AS one FROM "users" WHERE "users"."username" = $1 AND "users"."id" != $2 LIMIT $3[0m  [["username", "new_user"], ["id", 2], ["LIMIT", 1]]
  ↳ app/models/user.rb:30
  [1m[36mUser Exists (0.6ms)[0m  [1m[34mSELECT  1 AS one FROM "users" WHERE "users"."session_token" = $1 AND "users"."id" != $2 LIMIT $3[0m  [["session_token", "VCuw3ywFByLAaR3xRKd/NA=="], ["id", 2], ["LIMIT", 1]]
  ↳ app/models/user.rb:30
  [1m[36mUser Update (0.6ms)[0m  [1m[33mUPDATE "users" SET "session_token" = $1, "updated_at" = $2 WHERE "users"."id" = $3[0m  [["session_token", "VCuw3ywFByLAaR3xRKd/NA=="], ["updated_at", "2021-01-11 19:16:17.381532"], ["id", 2]]
  ↳ app/models/user.rb:30
  [1m[35m (0.5ms)[0m  [1m[35mCOMMIT[0m
  ↳ app/models/user.rb:30
Redirected to http://localhost:3000/session/new
Completed 302 Found in 20ms (ActiveRecord: 2.6ms)


Started GET "/session/new" for ::1 at 2021-01-11 11:16:17 -0800
Processing by SessionsController#new as HTML
  Rendering sessions/new.html.erb within layouts/application
  Rendered sessions/new.html.erb within layouts/application (0.7ms)
  [1m[36mUser Load (0.7ms)[0m  [1m[34mSELECT  "users".* FROM "users" WHERE "users"."session_token" IS NULL LIMIT $1[0m  [["LIMIT", 1]]
  ↳ app/controllers/application_controller.rb:5
Completed 200 OK in 30ms (Views: 27.2ms | ActiveRecord: 0.7ms)


Started GET "/session/new" for ::1 at 2021-01-11 11:16:20 -0800
Processing by SessionsController#new as HTML
  Rendering sessions/new.html.erb within layouts/application
  Rendered sessions/new.html.erb within layouts/application (0.7ms)
  [1m[36mUser Load (0.6ms)[0m  [1m[34mSELECT  "users".* FROM "users" WHERE "users"."session_token" IS NULL LIMIT $1[0m  [["LIMIT", 1]]
  ↳ app/controllers/application_controller.rb:5
Completed 200 OK in 30ms (Views: 26.7ms | ActiveRecord: 0.6ms)


Started POST "/session" for ::1 at 2021-01-11 11:16:28 -0800
Processing by SessionsController#create as HTML
  Parameters: {"authenticity_token"=>"2sM8EIktbj85V7s9jS4i23RnQb3LOZf4XwrVRBPEWKdsCP1KLWLqsdcLwUzkTENALNGGHIw5XXI6m2w2mRv8lw==", "user"=>{"username"=>"test", "password"=>"[FILTERED]"}}
  [1m[36mUser Load (0.5ms)[0m  [1m[34mSELECT  "users".* FROM "users" WHERE "users"."username" = $1 LIMIT $2[0m  [["username", "test"], ["LIMIT", 1]]
  ↳ app/models/user.rb:15
  Rendering sessions/new.html.erb within layouts/application
  Rendered sessions/new.html.erb within layouts/application (0.6ms)
  [1m[36mUser Load (0.6ms)[0m  [1m[34mSELECT  "users".* FROM "users" WHERE "users"."session_token" IS NULL LIMIT $1[0m  [["LIMIT", 1]]
  ↳ app/controllers/application_controller.rb:5
Completed 200 OK in 299ms (Views: 24.3ms | ActiveRecord: 1.1ms)


Started GET "/users/new" for ::1 at 2021-01-11 11:16:39 -0800
Processing by UsersController#new as HTML
  Rendering users/new.html.erb within layouts/application
  Rendered users/new.html.erb within layouts/application (0.6ms)
  [1m[36mUser Load (0.2ms)[0m  [1m[34mSELECT  "users".* FROM "users" WHERE "users"."session_token" IS NULL LIMIT $1[0m  [["LIMIT", 1]]
  ↳ app/controllers/application_controller.rb:5
Completed 200 OK in 33ms (Views: 31.5ms | ActiveRecord: 0.2ms)


Started POST "/users" for ::1 at 2021-01-11 11:16:47 -0800
Processing by UsersController#create as HTML
  Parameters: {"authenticity_token"=>"4He08QtosR8Te5lDWkZi3lkmZJjmJxOZGYDCe8nEhFJWvHWrryc1kf0n4zIzJANFAZCjOaEn2RN8EXsJQxsgYg==", "user"=>{"username"=>"test 1", "password"=>"[FILTERED]"}}
  [1m[35m (0.2ms)[0m  [1m[35mBEGIN[0m
  ↳ app/controllers/users_controller.rb:12
  [1m[36mUser Exists (0.5ms)[0m  [1m[34mSELECT  1 AS one FROM "users" WHERE "users"."username" = $1 LIMIT $2[0m  [["username", "test 1"], ["LIMIT", 1]]
  ↳ app/controllers/users_controller.rb:12
  [1m[36mUser Exists (0.3ms)[0m  [1m[34mSELECT  1 AS one FROM "users" WHERE "users"."session_token" = $1 LIMIT $2[0m  [["session_token", "/T0OzcjP5jbzZ8itAIVehw=="], ["LIMIT", 1]]
  ↳ app/controllers/users_controller.rb:12
  [1m[36mUser Create (0.5ms)[0m  [1m[32mINSERT INTO "users" ("username", "password_digest", "session_token", "created_at", "updated_at") VALUES ($1, $2, $3, $4, $5) RETURNING "id"[0m  [["username", "test 1"], ["password_digest", "$2a$12$sH9bs0ZH/5cVasUxDMX6GeaNNz53uszjKaXf9I5cxfQP15ynQzeYO"], ["session_token", "/T0OzcjP5jbzZ8itAIVehw=="], ["created_at", "2021-01-11 19:16:47.513522"], ["updated_at", "2021-01-11 19:16:47.513522"]]
  ↳ app/controllers/users_controller.rb:12
  [1m[35m (0.8ms)[0m  [1m[35mCOMMIT[0m
  ↳ app/controllers/users_controller.rb:12
  [1m[35m (0.2ms)[0m  [1m[35mBEGIN[0m
  ↳ app/models/user.rb:30
  [1m[36mUser Exists (0.5ms)[0m  [1m[34mSELECT  1 AS one FROM "users" WHERE "users"."username" = $1 AND "users"."id" != $2 LIMIT $3[0m  [["username", "test 1"], ["id", 3], ["LIMIT", 1]]
  ↳ app/models/user.rb:30
  [1m[36mUser Exists (0.5ms)[0m  [1m[34mSELECT  1 AS one FROM "users" WHERE "users"."session_token" = $1 AND "users"."id" != $2 LIMIT $3[0m  [["session_token", "T9q8EuFibeSlzn8WSSvNXA=="], ["id", 3], ["LIMIT", 1]]
  ↳ app/models/user.rb:30
  [1m[36mUser Update (0.6ms)[0m  [1m[33mUPDATE "users" SET "session_token" = $1, "updated_at" = $2 WHERE "users"."id" = $3[0m  [["session_token", "T9q8EuFibeSlzn8WSSvNXA=="], ["updated_at", "2021-01-11 19:16:47.519951"], ["id", 3]]
  ↳ app/models/user.rb:30
  [1m[35m (0.5ms)[0m  [1m[35mCOMMIT[0m
  ↳ app/models/user.rb:30
Redirected to http://localhost:3000/users
Completed 302 Found in 286ms (ActiveRecord: 4.6ms)


Started GET "/users" for ::1 at 2021-01-11 11:16:47 -0800
Processing by UsersController#index as HTML
  [1m[36mUser Load (0.2ms)[0m  [1m[34mSELECT  "users".* FROM "users" WHERE "users"."session_token" = $1 LIMIT $2[0m  [["session_token", "T9q8EuFibeSlzn8WSSvNXA=="], ["LIMIT", 1]]
  ↳ app/controllers/application_controller.rb:5
  Rendering users/index.html.erb within layouts/application
  [1m[36mUser Load (0.3ms)[0m  [1m[34mSELECT "users".* FROM "users"[0m
  ↳ app/views/users/index.html.erb:4
  Rendered users/index.html.erb within layouts/application (1.5ms)
Completed 200 OK in 26ms (Views: 24.3ms | ActiveRecord: 0.5ms)


Started GET "/subs/new" for ::1 at 2021-01-11 11:16:56 -0800
Processing by SubsController#new as HTML
  Rendering subs/new.html.erb within layouts/application
  [1m[36mUser Load (0.5ms)[0m  [1m[34mSELECT  "users".* FROM "users" WHERE "users"."session_token" = $1 LIMIT $2[0m  [["session_token", "T9q8EuFibeSlzn8WSSvNXA=="], ["LIMIT", 1]]
  ↳ app/controllers/application_controller.rb:5
  Rendered subs/new.html.erb within layouts/application (2.1ms)
Completed 200 OK in 25ms (Views: 23.9ms | ActiveRecord: 0.5ms)


Started POST "/subs" for ::1 at 2021-01-11 11:17:06 -0800
Processing by SubsController#create as HTML
  Parameters: {"authenticity_token"=>"bKy3jqPw36QlTko9Szr9G2p/oPXUdFVXHIaPN0ptT2zaZ3bUB79bKssSMEwiWJyAMslnVJN0n915FzZFwLLrXA==", "sub"=>{"title"=>"Check edit", "description"=>"testing for edit", "moderator_id"=>"3"}}
  [1m[35m (0.2ms)[0m  [1m[35mBEGIN[0m
  ↳ app/controllers/subs_controller.rb:12
  [1m[36mUser Load (0.4ms)[0m  [1m[34mSELECT  "users".* FROM "users" WHERE "users"."id" = $1 LIMIT $2[0m  [["id", 3], ["LIMIT", 1]]
  ↳ app/controllers/subs_controller.rb:12
  [1m[36mSub Create (0.5ms)[0m  [1m[32mINSERT INTO "subs" ("title", "description", "moderator_id", "created_at", "updated_at") VALUES ($1, $2, $3, $4, $5) RETURNING "id"[0m  [["title", "Check edit"], ["description", "testing for edit"], ["moderator_id", 3], ["created_at", "2021-01-11 19:17:06.095924"], ["updated_at", "2021-01-11 19:17:06.095924"]]
  ↳ app/controllers/subs_controller.rb:12
  [1m[35m (0.5ms)[0m  [1m[35mCOMMIT[0m
  ↳ app/controllers/subs_controller.rb:12
Redirected to http://localhost:3000/subs/2
Completed 302 Found in 7ms (ActiveRecord: 1.6ms)


Started GET "/subs/2" for ::1 at 2021-01-11 11:17:06 -0800
Processing by SubsController#show as HTML
  Parameters: {"id"=>"2"}
  [1m[36mSub Load (0.4ms)[0m  [1m[34mSELECT  "subs".* FROM "subs" WHERE "subs"."id" = $1 LIMIT $2[0m  [["id", 2], ["LIMIT", 1]]
  ↳ app/controllers/subs_controller.rb:26
  Rendering subs/show.html.erb within layouts/application
  [1m[36mUser Load (0.4ms)[0m  [1m[34mSELECT  "users".* FROM "users" WHERE "users"."session_token" = $1 LIMIT $2[0m  [["session_token", "T9q8EuFibeSlzn8WSSvNXA=="], ["LIMIT", 1]]
  ↳ app/controllers/application_controller.rb:5
  Rendered subs/show.html.erb within layouts/application (2.6ms)
Completed 200 OK in 30ms (Views: 27.9ms | ActiveRecord: 0.7ms)


Started GET "/subs/2/edit" for ::1 at 2021-01-11 11:17:10 -0800
Processing by SubsController#edit as HTML
  Parameters: {"id"=>"2"}
  [1m[36mSub Load (0.5ms)[0m  [1m[34mSELECT  "subs".* FROM "subs" WHERE "subs"."id" = $1 LIMIT $2[0m  [["id", 2], ["LIMIT", 1]]
  ↳ app/controllers/application_controller.rb:27
  [1m[36mUser Load (0.4ms)[0m  [1m[34mSELECT  "users".* FROM "users" WHERE "users"."session_token" = $1 LIMIT $2[0m  [["session_token", "T9q8EuFibeSlzn8WSSvNXA=="], ["LIMIT", 1]]
  ↳ app/controllers/application_controller.rb:5
  [1m[36mSub Exists (1.0ms)[0m  [1m[34mSELECT  1 AS one FROM "subs" WHERE "subs"."moderator_id" = $1 AND "subs"."id" = $2 LIMIT $3[0m  [["moderator_id", 3], ["id", 2], ["LIMIT", 1]]
  ↳ app/controllers/application_controller.rb:28
  [1m[36mCACHE Sub Load (0.1ms)[0m  [1m[34mSELECT  "subs".* FROM "subs" WHERE "subs"."id" = $1 LIMIT $2[0m  [["id", 2], ["LIMIT", 1]]
  ↳ app/controllers/subs_controller.rb:31
  Rendering subs/edit.html.erb within layouts/application
  Rendered subs/edit.html.erb within layouts/application (0.9ms)
Completed 200 OK in 57ms (Views: 33.0ms | ActiveRecord: 2.0ms)


Started PATCH "/subs/2" for ::1 at 2021-01-11 11:17:18 -0800
Processing by SubsController#update as HTML
  Parameters: {"authenticity_token"=>"PqFCRDNcs6PUqzWdZTmvLQEw22CV/ItdrKnnDKlBcRiIaoMelxM3LTr3T+wMW862WYYcwdL8QdfJOF5+I57VKA==", "sub"=>{"title"=>"Check edit ", "description"=>"testing for edit checkked", "moderator_id"=>"3"}, "id"=>"2"}
  [1m[36mSub Load (0.7ms)[0m  [1m[34mSELECT  "subs".* FROM "subs" WHERE "subs"."id" = $1 LIMIT $2[0m  [["id", 2], ["LIMIT", 1]]
  ↳ app/controllers/application_controller.rb:27
  [1m[36mUser Load (0.3ms)[0m  [1m[34mSELECT  "users".* FROM "users" WHERE "users"."session_token" = $1 LIMIT $2[0m  [["session_token", "T9q8EuFibeSlzn8WSSvNXA=="], ["LIMIT", 1]]
  ↳ app/controllers/application_controller.rb:5
  [1m[36mSub Exists (0.4ms)[0m  [1m[34mSELECT  1 AS one FROM "subs" WHERE "subs"."moderator_id" = $1 AND "subs"."id" = $2 LIMIT $3[0m  [["moderator_id", 3], ["id", 2], ["LIMIT", 1]]
  ↳ app/controllers/application_controller.rb:28
  [1m[36mSub Load (0.7ms)[0m  [1m[34mSELECT  "subs".* FROM "subs" WHERE "subs"."moderator_id" = $1 AND "subs"."id" = $2 LIMIT $3[0m  [["moderator_id", 3], ["id", 2], ["LIMIT", 1]]
  ↳ app/controllers/subs_controller.rb:36
  [1m[35m (0.1ms)[0m  [1m[35mBEGIN[0m
  ↳ app/controllers/subs_controller.rb:38
  [1m[36mUser Load (0.4ms)[0m  [1m[34mSELECT  "users".* FROM "users" WHERE "users"."id" = $1 LIMIT $2[0m  [["id", 3], ["LIMIT", 1]]
  ↳ app/controllers/subs_controller.rb:38
  [1m[36mSub Update (0.8ms)[0m  [1m[33mUPDATE "subs" SET "title" = $1, "description" = $2, "updated_at" = $3 WHERE "subs"."id" = $4[0m  [["title", "Check edit "], ["description", "testing for edit checkked"], ["updated_at", "2021-01-11 19:17:18.946047"], ["id", 2]]
  ↳ app/controllers/subs_controller.rb:38
  [1m[35m (0.3ms)[0m  [1m[35mCOMMIT[0m
  ↳ app/controllers/subs_controller.rb:38
Redirected to http://localhost:3000/subs/2
Completed 302 Found in 12ms (ActiveRecord: 3.6ms)


Started GET "/subs/2" for ::1 at 2021-01-11 11:17:18 -0800
Processing by SubsController#show as HTML
  Parameters: {"id"=>"2"}
  [1m[36mSub Load (0.4ms)[0m  [1m[34mSELECT  "subs".* FROM "subs" WHERE "subs"."id" = $1 LIMIT $2[0m  [["id", 2], ["LIMIT", 1]]
  ↳ app/controllers/subs_controller.rb:26
  Rendering subs/show.html.erb within layouts/application
  [1m[36mUser Load (0.3ms)[0m  [1m[34mSELECT  "users".* FROM "users" WHERE "users"."session_token" = $1 LIMIT $2[0m  [["session_token", "T9q8EuFibeSlzn8WSSvNXA=="], ["LIMIT", 1]]
  ↳ app/controllers/application_controller.rb:5
  Rendered subs/show.html.erb within layouts/application (1.9ms)
Completed 200 OK in 31ms (Views: 28.9ms | ActiveRecord: 0.7ms)


Started GET "/subs" for ::1 at 2021-01-11 11:17:39 -0800
Processing by SubsController#index as HTML
  Rendering subs/index.html.erb within layouts/application
  [1m[36mSub Load (0.5ms)[0m  [1m[34mSELECT "subs".* FROM "subs"[0m
  ↳ app/views/subs/index.html.erb:4
  Rendered subs/index.html.erb within layouts/application (2.4ms)
  [1m[36mUser Load (0.4ms)[0m  [1m[34mSELECT  "users".* FROM "users" WHERE "users"."session_token" = $1 LIMIT $2[0m  [["session_token", "T9q8EuFibeSlzn8WSSvNXA=="], ["LIMIT", 1]]
  ↳ app/controllers/application_controller.rb:5
Completed 200 OK in 30ms (Views: 28.3ms | ActiveRecord: 0.8ms)


Started DELETE "/session" for ::1 at 2021-01-11 11:17:44 -0800
Processing by SessionsController#destroy as HTML
  Parameters: {"authenticity_token"=>"PoXSz8sWaDLoofu5sgBdN1Nwi1jXMgGeokuy3acyWpGIThOVb1nsvAb9gcjbYjysC8ZM+ZAyyxTH2guvLe3+oQ=="}
  [1m[36mUser Load (0.4ms)[0m  [1m[34mSELECT  "users".* FROM "users" WHERE "users"."session_token" = $1 LIMIT $2[0m  [["session_token", "T9q8EuFibeSlzn8WSSvNXA=="], ["LIMIT", 1]]
  ↳ app/controllers/application_controller.rb:5
  [1m[35m (0.3ms)[0m  [1m[35mBEGIN[0m
  ↳ app/models/user.rb:30
  [1m[36mUser Exists (0.6ms)[0m  [1m[34mSELECT  1 AS one FROM "users" WHERE "users"."username" = $1 AND "users"."id" != $2 LIMIT $3[0m  [["username", "test 1"], ["id", 3], ["LIMIT", 1]]
  ↳ app/models/user.rb:30
  [1m[36mUser Exists (0.5ms)[0m  [1m[34mSELECT  1 AS one FROM "users" WHERE "users"."session_token" = $1 AND "users"."id" != $2 LIMIT $3[0m  [["session_token", "b41i12qnVBNPkhYe8aGdEg=="], ["id", 3], ["LIMIT", 1]]
  ↳ app/models/user.rb:30
  [1m[36mUser Update (0.5ms)[0m  [1m[33mUPDATE "users" SET "session_token" = $1, "updated_at" = $2 WHERE "users"."id" = $3[0m  [["session_token", "b41i12qnVBNPkhYe8aGdEg=="], ["updated_at", "2021-01-11 19:17:44.526808"], ["id", 3]]
  ↳ app/models/user.rb:30
  [1m[35m (0.6ms)[0m  [1m[35mCOMMIT[0m
  ↳ app/models/user.rb:30
Redirected to http://localhost:3000/session/new
Completed 302 Found in 10ms (ActiveRecord: 2.7ms)


Started GET "/session/new" for ::1 at 2021-01-11 11:17:44 -0800
Processing by SessionsController#new as HTML
  Rendering sessions/new.html.erb within layouts/application
  Rendered sessions/new.html.erb within layouts/application (0.5ms)
  [1m[36mUser Load (0.2ms)[0m  [1m[34mSELECT  "users".* FROM "users" WHERE "users"."session_token" IS NULL LIMIT $1[0m  [["LIMIT", 1]]
  ↳ app/controllers/application_controller.rb:5
Completed 200 OK in 29ms (Views: 26.3ms | ActiveRecord: 0.2ms)


Started POST "/session" for ::1 at 2021-01-11 11:21:04 -0800
Processing by SessionsController#create as HTML
  Parameters: {"authenticity_token"=>"q+omC9N+LOZ0c5c2wWp6XVhUx/bo5vru/rblCDnA7XodIedRdzGoaJov7UeoCBvGAOIAV6/mMGSbJ1x6sx9JSg==", "user"=>{"username"=>"test 1", "password"=>"[FILTERED]"}}
  [1m[36mUser Load (0.4ms)[0m  [1m[34mSELECT  "users".* FROM "users" WHERE "users"."username" = $1 LIMIT $2[0m  [["username", "test 1"], ["LIMIT", 1]]
  ↳ app/models/user.rb:15
  [1m[35m (0.2ms)[0m  [1m[35mBEGIN[0m
  ↳ app/models/user.rb:30
  [1m[36mUser Exists (0.4ms)[0m  [1m[34mSELECT  1 AS one FROM "users" WHERE "users"."username" = $1 AND "users"."id" != $2 LIMIT $3[0m  [["username", "test 1"], ["id", 3], ["LIMIT", 1]]
  ↳ app/models/user.rb:30
  [1m[36mUser Exists (0.4ms)[0m  [1m[34mSELECT  1 AS one FROM "users" WHERE "users"."session_token" = $1 AND "users"."id" != $2 LIMIT $3[0m  [["session_token", "AKOUr9NYKgILcqZDjRS4bw=="], ["id", 3], ["LIMIT", 1]]
  ↳ app/models/user.rb:30
  [1m[36mUser Update (0.6ms)[0m  [1m[33mUPDATE "users" SET "session_token" = $1, "updated_at" = $2 WHERE "users"."id" = $3[0m  [["session_token", "AKOUr9NYKgILcqZDjRS4bw=="], ["updated_at", "2021-01-11 19:21:04.332639"], ["id", 3]]
  ↳ app/models/user.rb:30
  [1m[35m (0.5ms)[0m  [1m[35mCOMMIT[0m
  ↳ app/models/user.rb:30
Redirected to http://localhost:3000/users
Completed 302 Found in 279ms (ActiveRecord: 2.5ms)


Started GET "/users" for ::1 at 2021-01-11 11:21:04 -0800
Processing by UsersController#index as HTML
  [1m[36mUser Load (0.3ms)[0m  [1m[34mSELECT  "users".* FROM "users" WHERE "users"."session_token" = $1 LIMIT $2[0m  [["session_token", "AKOUr9NYKgILcqZDjRS4bw=="], ["LIMIT", 1]]
  ↳ app/controllers/application_controller.rb:5
  Rendering users/index.html.erb within layouts/application
  [1m[36mUser Load (0.7ms)[0m  [1m[34mSELECT "users".* FROM "users"[0m
  ↳ app/views/users/index.html.erb:4
  Rendered users/index.html.erb within layouts/application (2.6ms)
Completed 200 OK in 29ms (Views: 27.3ms | ActiveRecord: 1.0ms)


Started GET "/users/3" for ::1 at 2021-01-11 11:21:07 -0800
Processing by UsersController#show as HTML
  Parameters: {"id"=>"3"}
  [1m[36mUser Load (0.7ms)[0m  [1m[34mSELECT  "users".* FROM "users" WHERE "users"."session_token" = $1 LIMIT $2[0m  [["session_token", "AKOUr9NYKgILcqZDjRS4bw=="], ["LIMIT", 1]]
  ↳ app/controllers/application_controller.rb:5
  [1m[36mUser Load (0.5ms)[0m  [1m[34mSELECT  "users".* FROM "users" WHERE "users"."id" = $1 LIMIT $2[0m  [["id", 3], ["LIMIT", 1]]
  ↳ app/controllers/users_controller.rb:27
  Rendering users/show.html.erb within layouts/application
  [1m[36mSub Load (0.3ms)[0m  [1m[34mSELECT "subs".* FROM "subs" WHERE "subs"."moderator_id" = $1[0m  [["moderator_id", 3]]
  ↳ app/views/users/show.html.erb:4
  Rendered users/show.html.erb within layouts/application (2.4ms)
Completed 200 OK in 30ms (Views: 25.1ms | ActiveRecord: 1.5ms)


Started GET "/subs/2" for ::1 at 2021-01-11 11:21:19 -0800
Processing by SubsController#show as HTML
  Parameters: {"id"=>"2"}
  [1m[36mSub Load (0.3ms)[0m  [1m[34mSELECT  "subs".* FROM "subs" WHERE "subs"."id" = $1 LIMIT $2[0m  [["id", 2], ["LIMIT", 1]]
  ↳ app/controllers/subs_controller.rb:26
  Rendering subs/show.html.erb within layouts/application
  [1m[36mUser Load (0.5ms)[0m  [1m[34mSELECT  "users".* FROM "users" WHERE "users"."session_token" = $1 LIMIT $2[0m  [["session_token", "AKOUr9NYKgILcqZDjRS4bw=="], ["LIMIT", 1]]
  ↳ app/controllers/application_controller.rb:5
  Rendered subs/show.html.erb within layouts/application (2.9ms)
Completed 200 OK in 32ms (Views: 29.1ms | ActiveRecord: 0.8ms)


Started GET "/subs" for ::1 at 2021-01-11 11:22:14 -0800
Processing by SubsController#index as HTML
  Rendering subs/index.html.erb within layouts/application
  [1m[36mSub Load (0.4ms)[0m  [1m[34mSELECT "subs".* FROM "subs"[0m
  ↳ app/views/subs/index.html.erb:4
  Rendered subs/index.html.erb within layouts/application (11.0ms)
  [1m[36mUser Load (0.4ms)[0m  [1m[34mSELECT  "users".* FROM "users" WHERE "users"."session_token" = $1 LIMIT $2[0m  [["session_token", "AKOUr9NYKgILcqZDjRS4bw=="], ["LIMIT", 1]]
  ↳ app/controllers/application_controller.rb:5
Completed 200 OK in 51ms (Views: 38.1ms | ActiveRecord: 10.9ms)


Started DELETE "/session" for ::1 at 2021-01-11 11:24:06 -0800
  [1m[35m (0.9ms)[0m  [1m[34mSELECT "schema_migrations"."version" FROM "schema_migrations" ORDER BY "schema_migrations"."version" ASC[0m
  ↳ /Users/bcdguz/.rbenv/versions/2.5.1/lib/ruby/gems/2.5.0/gems/activerecord-5.2.4.4/lib/active_record/log_subscriber.rb:98
Processing by SessionsController#destroy as HTML
  Parameters: {"authenticity_token"=>"3s8QZgc0OJ8mO5vvlw1l4FcNf13yGgvNo2VnxdWpfyJoBNE8o3u8Echn4Z7+bwR7D7u4/LUawUfG9N63X3bbEg=="}
  [1m[36mUser Load (1.0ms)[0m  [1m[34mSELECT  "users".* FROM "users" WHERE "users"."session_token" = $1 LIMIT $2[0m  [["session_token", "AKOUr9NYKgILcqZDjRS4bw=="], ["LIMIT", 1]]
  ↳ app/controllers/application_controller.rb:5
  [1m[35m (0.2ms)[0m  [1m[35mBEGIN[0m
  ↳ app/models/user.rb:30
  [1m[36mUser Exists (0.7ms)[0m  [1m[34mSELECT  1 AS one FROM "users" WHERE "users"."username" = $1 AND "users"."id" != $2 LIMIT $3[0m  [["username", "test 1"], ["id", 3], ["LIMIT", 1]]
  ↳ app/models/user.rb:30
  [1m[36mUser Exists (1.0ms)[0m  [1m[34mSELECT  1 AS one FROM "users" WHERE "users"."session_token" = $1 AND "users"."id" != $2 LIMIT $3[0m  [["session_token", "ULvmMzlegTShJDgJH6p9PA=="], ["id", 3], ["LIMIT", 1]]
  ↳ app/models/user.rb:30
  [1m[36mUser Update (0.7ms)[0m  [1m[33mUPDATE "users" SET "session_token" = $1, "updated_at" = $2 WHERE "users"."id" = $3[0m  [["session_token", "ULvmMzlegTShJDgJH6p9PA=="], ["updated_at", "2021-01-11 19:24:06.968402"], ["id", 3]]
  ↳ app/models/user.rb:30
  [1m[35m (1.0ms)[0m  [1m[35mCOMMIT[0m
  ↳ app/models/user.rb:30
Redirected to http://localhost:3000/session/new
Completed 302 Found in 33ms (ActiveRecord: 11.9ms)


Started GET "/session/new" for ::1 at 2021-01-11 11:24:06 -0800
Processing by SessionsController#new as HTML
  Rendering sessions/new.html.erb within layouts/application
  Rendered sessions/new.html.erb within layouts/application (1.2ms)
  [1m[36mUser Load (0.4ms)[0m  [1m[34mSELECT  "users".* FROM "users" WHERE "users"."session_token" IS NULL LIMIT $1[0m  [["LIMIT", 1]]
  ↳ app/controllers/application_controller.rb:5
Completed 200 OK in 189ms (Views: 186.3ms | ActiveRecord: 0.4ms)


Started GET "/subs/1/edit" for ::1 at 2021-01-11 11:24:18 -0800
Processing by SubsController#edit as HTML
  Parameters: {"id"=>"1"}
  [1m[36mSub Load (0.5ms)[0m  [1m[34mSELECT  "subs".* FROM "subs" WHERE "subs"."id" = $1 LIMIT $2[0m  [["id", 1], ["LIMIT", 1]]
  ↳ app/controllers/application_controller.rb:27
  [1m[36mUser Load (0.4ms)[0m  [1m[34mSELECT  "users".* FROM "users" WHERE "users"."session_token" IS NULL LIMIT $1[0m  [["LIMIT", 1]]
  ↳ app/controllers/application_controller.rb:5
Completed 500 Internal Server Error in 20ms (ActiveRecord: 5.3ms)



NoMethodError - undefined method `subs' for nil:NilClass:
  app/controllers/application_controller.rb:28:in `require_moderator'

Started POST "/__better_errors/42a069cc3d116d58/variables" for ::1 at 2021-01-11 11:24:18 -0800
Started POST "/session" for ::1 at 2021-01-11 11:25:01 -0800
Processing by SessionsController#create as HTML
  Parameters: {"authenticity_token"=>"Zp0KCeMGoJnINd7TkGIefknXpb1lpiCYfqUSuKEXMS/QVstTR0kkFyZppKL5AH/lEWFiHCKm6hIbNKvKK8iVHw==", "user"=>{"username"=>"test 1", "password"=>"[FILTERED]"}}
  [1m[36mUser Load (0.4ms)[0m  [1m[34mSELECT  "users".* FROM "users" WHERE "users"."username" = $1 LIMIT $2[0m  [["username", "test 1"], ["LIMIT", 1]]
  ↳ app/models/user.rb:15
  [1m[35m (0.2ms)[0m  [1m[35mBEGIN[0m
  ↳ app/models/user.rb:30
  [1m[36mUser Exists (0.5ms)[0m  [1m[34mSELECT  1 AS one FROM "users" WHERE "users"."username" = $1 AND "users"."id" != $2 LIMIT $3[0m  [["username", "test 1"], ["id", 3], ["LIMIT", 1]]
  ↳ app/models/user.rb:30
  [1m[36mUser Exists (0.7ms)[0m  [1m[34mSELECT  1 AS one FROM "users" WHERE "users"."session_token" = $1 AND "users"."id" != $2 LIMIT $3[0m  [["session_token", "vGq93MJUHmhZTCPaBCZpMQ=="], ["id", 3], ["LIMIT", 1]]
  ↳ app/models/user.rb:30
  [1m[36mUser Update (0.9ms)[0m  [1m[33mUPDATE "users" SET "session_token" = $1, "updated_at" = $2 WHERE "users"."id" = $3[0m  [["session_token", "vGq93MJUHmhZTCPaBCZpMQ=="], ["updated_at", "2021-01-11 19:25:01.643199"], ["id", 3]]
  ↳ app/models/user.rb:30
  [1m[35m (0.7ms)[0m  [1m[35mCOMMIT[0m
  ↳ app/models/user.rb:30
Redirected to http://localhost:3000/users
Completed 302 Found in 283ms (ActiveRecord: 3.6ms)


Started GET "/users" for ::1 at 2021-01-11 11:25:01 -0800
Processing by UsersController#index as HTML
  [1m[36mUser Load (0.4ms)[0m  [1m[34mSELECT  "users".* FROM "users" WHERE "users"."session_token" = $1 LIMIT $2[0m  [["session_token", "vGq93MJUHmhZTCPaBCZpMQ=="], ["LIMIT", 1]]
  ↳ app/controllers/application_controller.rb:5
  Rendering users/index.html.erb within layouts/application
  [1m[36mUser Load (0.6ms)[0m  [1m[34mSELECT "users".* FROM "users"[0m
  ↳ app/views/users/index.html.erb:4
  Rendered users/index.html.erb within layouts/application (2.0ms)
Completed 200 OK in 48ms (Views: 46.0ms | ActiveRecord: 1.0ms)


Started GET "/subs/1/edit" for ::1 at 2021-01-11 11:25:59 -0800
Processing by SubsController#edit as HTML
  Parameters: {"id"=>"1"}
  [1m[36mSub Load (0.6ms)[0m  [1m[34mSELECT  "subs".* FROM "subs" WHERE "subs"."id" = $1 LIMIT $2[0m  [["id", 1], ["LIMIT", 1]]
  ↳ app/controllers/application_controller.rb:27
  [1m[36mUser Load (0.5ms)[0m  [1m[34mSELECT  "users".* FROM "users" WHERE "users"."session_token" = $1 LIMIT $2[0m  [["session_token", "vGq93MJUHmhZTCPaBCZpMQ=="], ["LIMIT", 1]]
  ↳ app/controllers/application_controller.rb:5
  [1m[36mSub Exists (0.7ms)[0m  [1m[34mSELECT  1 AS one FROM "subs" WHERE "subs"."moderator_id" = $1 AND "subs"."id" = $2 LIMIT $3[0m  [["moderator_id", 3], ["id", 1], ["LIMIT", 1]]
  ↳ app/controllers/application_controller.rb:28
Redirected to http://localhost:3000/subs/1
Filter chain halted as :require_moderator rendered or redirected
Completed 302 Found in 45ms (ActiveRecord: 13.3ms)


Started GET "/subs/1" for ::1 at 2021-01-11 11:25:59 -0800
Processing by SubsController#show as HTML
  Parameters: {"id"=>"1"}
  [1m[36mSub Load (0.3ms)[0m  [1m[34mSELECT  "subs".* FROM "subs" WHERE "subs"."id" = $1 LIMIT $2[0m  [["id", 1], ["LIMIT", 1]]
  ↳ app/controllers/subs_controller.rb:26
  Rendering subs/show.html.erb within layouts/application
  [1m[36mUser Load (0.5ms)[0m  [1m[34mSELECT  "users".* FROM "users" WHERE "users"."session_token" = $1 LIMIT $2[0m  [["session_token", "vGq93MJUHmhZTCPaBCZpMQ=="], ["LIMIT", 1]]
  ↳ app/controllers/application_controller.rb:5
  Rendered subs/show.html.erb within layouts/application (2.6ms)
Completed 200 OK in 34ms (Views: 31.9ms | ActiveRecord: 0.8ms)


Started GET "/subs/1/edit" for ::1 at 2021-01-11 11:27:24 -0800
Processing by SubsController#edit as HTML
  Parameters: {"id"=>"1"}
  [1m[36mSub Load (0.5ms)[0m  [1m[34mSELECT  "subs".* FROM "subs" WHERE "subs"."id" = $1 LIMIT $2[0m  [["id", 1], ["LIMIT", 1]]
  ↳ app/controllers/application_controller.rb:27
  [1m[36mUser Load (0.4ms)[0m  [1m[34mSELECT  "users".* FROM "users" WHERE "users"."session_token" = $1 LIMIT $2[0m  [["session_token", "vGq93MJUHmhZTCPaBCZpMQ=="], ["LIMIT", 1]]
  ↳ app/controllers/application_controller.rb:5
  [1m[36mSub Exists (0.6ms)[0m  [1m[34mSELECT  1 AS one FROM "subs" WHERE "subs"."moderator_id" = $1 AND "subs"."id" = $2 LIMIT $3[0m  [["moderator_id", 3], ["id", 1], ["LIMIT", 1]]
  ↳ app/controllers/application_controller.rb:29
Redirected to http://localhost:3000/subs/1
Filter chain halted as :require_moderator rendered or redirected
Completed 302 Found in 44ms (ActiveRecord: 11.4ms)


Started GET "/subs/1" for ::1 at 2021-01-11 11:27:24 -0800
Processing by SubsController#show as HTML
  Parameters: {"id"=>"1"}
  [1m[36mSub Load (0.4ms)[0m  [1m[34mSELECT  "subs".* FROM "subs" WHERE "subs"."id" = $1 LIMIT $2[0m  [["id", 1], ["LIMIT", 1]]
  ↳ app/controllers/subs_controller.rb:26
  Rendering subs/show.html.erb within layouts/application
  [1m[36mUser Load (0.4ms)[0m  [1m[34mSELECT  "users".* FROM "users" WHERE "users"."session_token" = $1 LIMIT $2[0m  [["session_token", "vGq93MJUHmhZTCPaBCZpMQ=="], ["LIMIT", 1]]
  ↳ app/controllers/application_controller.rb:5
  Rendered subs/show.html.erb within layouts/application (2.2ms)
Completed 200 OK in 39ms (Views: 36.8ms | ActiveRecord: 0.8ms)


Started DELETE "/session" for ::1 at 2021-01-11 11:27:33 -0800
Processing by SessionsController#destroy as HTML
  Parameters: {"authenticity_token"=>"0Mzr7rI3gwmQmoHGcUvmww6ZYUPrYVcjq9Cagdg2fKBmByq0FngHh37G+7cYKYdYVi+m4qxhnanOQSPzUunYkA=="}
  [1m[36mUser Load (0.3ms)[0m  [1m[34mSELECT  "users".* FROM "users" WHERE "users"."session_token" = $1 LIMIT $2[0m  [["session_token", "vGq93MJUHmhZTCPaBCZpMQ=="], ["LIMIT", 1]]
  ↳ app/controllers/application_controller.rb:5
  [1m[35m (0.2ms)[0m  [1m[35mBEGIN[0m
  ↳ app/models/user.rb:30
  [1m[36mUser Exists (0.4ms)[0m  [1m[34mSELECT  1 AS one FROM "users" WHERE "users"."username" = $1 AND "users"."id" != $2 LIMIT $3[0m  [["username", "test 1"], ["id", 3], ["LIMIT", 1]]
  ↳ app/models/user.rb:30
  [1m[36mUser Exists (0.7ms)[0m  [1m[34mSELECT  1 AS one FROM "users" WHERE "users"."session_token" = $1 AND "users"."id" != $2 LIMIT $3[0m  [["session_token", "ksM6NXceYH6QgFxVneHrHw=="], ["id", 3], ["LIMIT", 1]]
  ↳ app/models/user.rb:30
  [1m[36mUser Update (0.4ms)[0m  [1m[33mUPDATE "users" SET "session_token" = $1, "updated_at" = $2 WHERE "users"."id" = $3[0m  [["session_token", "ksM6NXceYH6QgFxVneHrHw=="], ["updated_at", "2021-01-11 19:27:33.731740"], ["id", 3]]
  ↳ app/models/user.rb:30
  [1m[35m (0.4ms)[0m  [1m[35mCOMMIT[0m
  ↳ app/models/user.rb:30
Redirected to http://localhost:3000/session/new
Completed 302 Found in 9ms (ActiveRecord: 2.5ms)


Started GET "/session/new" for ::1 at 2021-01-11 11:27:33 -0800
Processing by SessionsController#new as HTML
  Rendering sessions/new.html.erb within layouts/application
  Rendered sessions/new.html.erb within layouts/application (0.5ms)
  [1m[36mUser Load (0.4ms)[0m  [1m[34mSELECT  "users".* FROM "users" WHERE "users"."session_token" IS NULL LIMIT $1[0m  [["LIMIT", 1]]
  ↳ app/controllers/application_controller.rb:5
Completed 200 OK in 27ms (Views: 24.4ms | ActiveRecord: 0.4ms)


